d:\mywork\pjproject-2.8\pjlib-util\lib\pjlib-util-i386-win32-vc14-debug.bsc
d:\mywork\pjproject-2.8\pjlib-util\build\output\pjlib_util-i386-win32-vc14-debug\pjlib_util.pdb
d:\mywork\pjproject-2.8\pjlib-util\build\output\pjlib_util-i386-win32-vc14-debug\base64.sbr
d:\mywork\pjproject-2.8\pjlib-util\build\output\pjlib_util-i386-win32-vc14-debug\cli.sbr
d:\mywork\pjproject-2.8\pjlib-util\build\output\pjlib_util-i386-win32-vc14-debug\cli_console.sbr
d:\mywork\pjproject-2.8\pjlib-util\build\output\pjlib_util-i386-win32-vc14-debug\cli_telnet.sbr
d:\mywork\pjproject-2.8\pjlib-util\build\output\pjlib_util-i386-win32-vc14-debug\crc32.sbr
d:\mywork\pjproject-2.8\pjlib-util\build\output\pjlib_util-i386-win32-vc14-debug\dns.sbr
d:\mywork\pjproject-2.8\pjlib-util\build\output\pjlib_util-i386-win32-vc14-debug\dns_dump.sbr
d:\mywork\pjproject-2.8\pjlib-util\build\output\pjlib_util-i386-win32-vc14-debug\dns_server.sbr
d:\mywork\pjproject-2.8\pjlib-util\build\output\pjlib_util-i386-win32-vc14-debug\errno.sbr
d:\mywork\pjproject-2.8\pjlib-util\build\output\pjlib_util-i386-win32-vc14-debug\getopt.sbr
d:\mywork\pjproject-2.8\pjlib-util\build\output\pjlib_util-i386-win32-vc14-debug\hmac_md5.sbr
d:\mywork\pjproject-2.8\pjlib-util\build\output\pjlib_util-i386-win32-vc14-debug\hmac_sha1.sbr
d:\mywork\pjproject-2.8\pjlib-util\build\output\pjlib_util-i386-win32-vc14-debug\http_client.sbr
d:\mywork\pjproject-2.8\pjlib-util\build\output\pjlib_util-i386-win32-vc14-debug\json.sbr
d:\mywork\pjproject-2.8\pjlib-util\build\output\pjlib_util-i386-win32-vc14-debug\md5.sbr
d:\mywork\pjproject-2.8\pjlib-util\build\output\pjlib_util-i386-win32-vc14-debug\pcap.sbr
d:\mywork\pjproject-2.8\pjlib-util\build\output\pjlib_util-i386-win32-vc14-debug\resolver.sbr
d:\mywork\pjproject-2.8\pjlib-util\build\output\pjlib_util-i386-win32-vc14-debug\scanner.sbr
d:\mywork\pjproject-2.8\pjlib-util\build\output\pjlib_util-i386-win32-vc14-debug\sha1.sbr
d:\mywork\pjproject-2.8\pjlib-util\build\output\pjlib_util-i386-win32-vc14-debug\srv_resolver.sbr
d:\mywork\pjproject-2.8\pjlib-util\build\output\pjlib_util-i386-win32-vc14-debug\srv_resolver.obj
d:\mywork\pjproject-2.8\pjlib-util\build\output\pjlib_util-i386-win32-vc14-debug\sha1.obj
d:\mywork\pjproject-2.8\pjlib-util\build\output\pjlib_util-i386-win32-vc14-debug\scanner.obj
d:\mywork\pjproject-2.8\pjlib-util\build\output\pjlib_util-i386-win32-vc14-debug\resolver.obj
d:\mywork\pjproject-2.8\pjlib-util\build\output\pjlib_util-i386-win32-vc14-debug\pcap.obj
d:\mywork\pjproject-2.8\pjlib-util\build\output\pjlib_util-i386-win32-vc14-debug\md5.obj
d:\mywork\pjproject-2.8\pjlib-util\build\output\pjlib_util-i386-win32-vc14-debug\json.obj
d:\mywork\pjproject-2.8\pjlib-util\build\output\pjlib_util-i386-win32-vc14-debug\http_client.obj
d:\mywork\pjproject-2.8\pjlib-util\build\output\pjlib_util-i386-win32-vc14-debug\hmac_sha1.obj
d:\mywork\pjproject-2.8\pjlib-util\build\output\pjlib_util-i386-win32-vc14-debug\hmac_md5.obj
d:\mywork\pjproject-2.8\pjlib-util\build\output\pjlib_util-i386-win32-vc14-debug\getopt.obj
d:\mywork\pjproject-2.8\pjlib-util\build\output\pjlib_util-i386-win32-vc14-debug\errno.obj
d:\mywork\pjproject-2.8\pjlib-util\build\output\pjlib_util-i386-win32-vc14-debug\dns_server.obj
d:\mywork\pjproject-2.8\pjlib-util\build\output\pjlib_util-i386-win32-vc14-debug\dns_dump.obj
d:\mywork\pjproject-2.8\pjlib-util\build\output\pjlib_util-i386-win32-vc14-debug\dns.obj
d:\mywork\pjproject-2.8\pjlib-util\build\output\pjlib_util-i386-win32-vc14-debug\crc32.obj
d:\mywork\pjproject-2.8\pjlib-util\build\output\pjlib_util-i386-win32-vc14-debug\cli_telnet.obj
d:\mywork\pjproject-2.8\pjlib-util\build\output\pjlib_util-i386-win32-vc14-debug\cli_console.obj
d:\mywork\pjproject-2.8\pjlib-util\build\output\pjlib_util-i386-win32-vc14-debug\cli.obj
d:\mywork\pjproject-2.8\pjlib-util\build\output\pjlib_util-i386-win32-vc14-debug\base64.obj
d:\mywork\pjproject-2.8\pjlib-util\build\output\pjlib_util-i386-win32-vc14-debug\string.sbr
d:\mywork\pjproject-2.8\pjlib-util\build\output\pjlib_util-i386-win32-vc14-debug\stun_simple.sbr
d:\mywork\pjproject-2.8\pjlib-util\build\output\pjlib_util-i386-win32-vc14-debug\stun_simple_client.sbr
d:\mywork\pjproject-2.8\pjlib-util\build\output\pjlib_util-i386-win32-vc14-debug\symbols.sbr
d:\mywork\pjproject-2.8\pjlib-util\build\output\pjlib_util-i386-win32-vc14-debug\xml.sbr
d:\mywork\pjproject-2.8\pjlib-util\build\output\pjlib_util-i386-win32-vc14-debug\xml.obj
d:\mywork\pjproject-2.8\pjlib-util\build\output\pjlib_util-i386-win32-vc14-debug\symbols.obj
d:\mywork\pjproject-2.8\pjlib-util\build\output\pjlib_util-i386-win32-vc14-debug\stun_simple_client.obj
d:\mywork\pjproject-2.8\pjlib-util\build\output\pjlib_util-i386-win32-vc14-debug\stun_simple.obj
d:\mywork\pjproject-2.8\pjlib-util\build\output\pjlib_util-i386-win32-vc14-debug\string.obj
d:\mywork\pjproject-2.8\pjlib-util\lib\pjlib-util-i386-win32-vc14-debug.lib
d:\mywork\pjproject-2.8\pjlib-util\build\..\lib\pjlib-util-i386-win32-vc14-debug.lib
d:\mywork\pjproject-2.8\pjlib-util\build\output\pjlib_util-i386-win32-vc14-debug\pjlib_util.tlog\bscmake.command.1.tlog
d:\mywork\pjproject-2.8\pjlib-util\build\output\pjlib_util-i386-win32-vc14-debug\pjlib_util.tlog\bscmake.read.1.tlog
d:\mywork\pjproject-2.8\pjlib-util\build\output\pjlib_util-i386-win32-vc14-debug\pjlib_util.tlog\bscmake.write.1.tlog
d:\mywork\pjproject-2.8\pjlib-util\build\output\pjlib_util-i386-win32-vc14-debug\pjlib_util.tlog\cl.command.1.tlog
d:\mywork\pjproject-2.8\pjlib-util\build\output\pjlib_util-i386-win32-vc14-debug\pjlib_util.tlog\cl.read.1.tlog
d:\mywork\pjproject-2.8\pjlib-util\build\output\pjlib_util-i386-win32-vc14-debug\pjlib_util.tlog\cl.write.1.tlog
d:\mywork\pjproject-2.8\pjlib-util\build\output\pjlib_util-i386-win32-vc14-debug\pjlib_util.tlog\lib-link.read.1.tlog
d:\mywork\pjproject-2.8\pjlib-util\build\output\pjlib_util-i386-win32-vc14-debug\pjlib_util.tlog\lib-link.write.1.tlog
d:\mywork\pjproject-2.8\pjlib-util\build\output\pjlib_util-i386-win32-vc14-debug\pjlib_util.tlog\lib.command.1.tlog
