d:\mywork\pjproject-2.8\pjsip\lib\pjsip-core-i386-win32-vc14-debug.bsc
d:\mywork\pjproject-2.8\pjsip\build\output\pjsip_core-i386-win32-vc14-debug\pjsip_core.pdb
d:\mywork\pjproject-2.8\pjsip\build\output\pjsip_core-i386-win32-vc14-debug\sip_auth_aka.sbr
d:\mywork\pjproject-2.8\pjsip\build\output\pjsip_core-i386-win32-vc14-debug\sip_auth_client.sbr
d:\mywork\pjproject-2.8\pjsip\build\output\pjsip_core-i386-win32-vc14-debug\sip_auth_msg.sbr
d:\mywork\pjproject-2.8\pjsip\build\output\pjsip_core-i386-win32-vc14-debug\sip_auth_parser.sbr
d:\mywork\pjproject-2.8\pjsip\build\output\pjsip_core-i386-win32-vc14-debug\sip_auth_server.sbr
d:\mywork\pjproject-2.8\pjsip\build\output\pjsip_core-i386-win32-vc14-debug\sip_config.sbr
d:\mywork\pjproject-2.8\pjsip\build\output\pjsip_core-i386-win32-vc14-debug\sip_dialog.sbr
d:\mywork\pjproject-2.8\pjsip\build\output\pjsip_core-i386-win32-vc14-debug\sip_endpoint.sbr
d:\mywork\pjproject-2.8\pjsip\build\output\pjsip_core-i386-win32-vc14-debug\sip_errno.sbr
d:\mywork\pjproject-2.8\pjsip\build\output\pjsip_core-i386-win32-vc14-debug\sip_msg.sbr
d:\mywork\pjproject-2.8\pjsip\build\output\pjsip_core-i386-win32-vc14-debug\sip_multipart.sbr
d:\mywork\pjproject-2.8\pjsip\build\output\pjsip_core-i386-win32-vc14-debug\sip_parser.sbr
d:\mywork\pjproject-2.8\pjsip\build\output\pjsip_core-i386-win32-vc14-debug\sip_resolve.sbr
d:\mywork\pjproject-2.8\pjsip\build\output\pjsip_core-i386-win32-vc14-debug\sip_tel_uri.sbr
d:\mywork\pjproject-2.8\pjsip\build\output\pjsip_core-i386-win32-vc14-debug\sip_transaction.sbr
d:\mywork\pjproject-2.8\pjsip\build\output\pjsip_core-i386-win32-vc14-debug\sip_transport.sbr
d:\mywork\pjproject-2.8\pjsip\build\output\pjsip_core-i386-win32-vc14-debug\sip_transport_loop.sbr
d:\mywork\pjproject-2.8\pjsip\build\output\pjsip_core-i386-win32-vc14-debug\sip_transport_tcp.sbr
d:\mywork\pjproject-2.8\pjsip\build\output\pjsip_core-i386-win32-vc14-debug\sip_transport_tls.sbr
d:\mywork\pjproject-2.8\pjsip\build\output\pjsip_core-i386-win32-vc14-debug\sip_transport_udp.sbr
d:\mywork\pjproject-2.8\pjsip\build\output\pjsip_core-i386-win32-vc14-debug\sip_transport_udp.obj
d:\mywork\pjproject-2.8\pjsip\build\output\pjsip_core-i386-win32-vc14-debug\sip_transport_tls.obj
d:\mywork\pjproject-2.8\pjsip\build\output\pjsip_core-i386-win32-vc14-debug\sip_transport_tcp.obj
d:\mywork\pjproject-2.8\pjsip\build\output\pjsip_core-i386-win32-vc14-debug\sip_transport_loop.obj
d:\mywork\pjproject-2.8\pjsip\build\output\pjsip_core-i386-win32-vc14-debug\sip_transport.obj
d:\mywork\pjproject-2.8\pjsip\build\output\pjsip_core-i386-win32-vc14-debug\sip_transaction.obj
d:\mywork\pjproject-2.8\pjsip\build\output\pjsip_core-i386-win32-vc14-debug\sip_tel_uri.obj
d:\mywork\pjproject-2.8\pjsip\build\output\pjsip_core-i386-win32-vc14-debug\sip_resolve.obj
d:\mywork\pjproject-2.8\pjsip\build\output\pjsip_core-i386-win32-vc14-debug\sip_parser.obj
d:\mywork\pjproject-2.8\pjsip\build\output\pjsip_core-i386-win32-vc14-debug\sip_multipart.obj
d:\mywork\pjproject-2.8\pjsip\build\output\pjsip_core-i386-win32-vc14-debug\sip_msg.obj
d:\mywork\pjproject-2.8\pjsip\build\output\pjsip_core-i386-win32-vc14-debug\sip_errno.obj
d:\mywork\pjproject-2.8\pjsip\build\output\pjsip_core-i386-win32-vc14-debug\sip_endpoint.obj
d:\mywork\pjproject-2.8\pjsip\build\output\pjsip_core-i386-win32-vc14-debug\sip_dialog.obj
d:\mywork\pjproject-2.8\pjsip\build\output\pjsip_core-i386-win32-vc14-debug\sip_config.obj
d:\mywork\pjproject-2.8\pjsip\build\output\pjsip_core-i386-win32-vc14-debug\sip_auth_server.obj
d:\mywork\pjproject-2.8\pjsip\build\output\pjsip_core-i386-win32-vc14-debug\sip_auth_parser.obj
d:\mywork\pjproject-2.8\pjsip\build\output\pjsip_core-i386-win32-vc14-debug\sip_auth_msg.obj
d:\mywork\pjproject-2.8\pjsip\build\output\pjsip_core-i386-win32-vc14-debug\sip_auth_client.obj
d:\mywork\pjproject-2.8\pjsip\build\output\pjsip_core-i386-win32-vc14-debug\sip_auth_aka.obj
d:\mywork\pjproject-2.8\pjsip\build\output\pjsip_core-i386-win32-vc14-debug\sip_ua_layer.sbr
d:\mywork\pjproject-2.8\pjsip\build\output\pjsip_core-i386-win32-vc14-debug\sip_uri.sbr
d:\mywork\pjproject-2.8\pjsip\build\output\pjsip_core-i386-win32-vc14-debug\sip_util.sbr
d:\mywork\pjproject-2.8\pjsip\build\output\pjsip_core-i386-win32-vc14-debug\sip_util_proxy.sbr
d:\mywork\pjproject-2.8\pjsip\build\output\pjsip_core-i386-win32-vc14-debug\sip_util_statefull.sbr
d:\mywork\pjproject-2.8\pjsip\build\output\pjsip_core-i386-win32-vc14-debug\sip_util_statefull.obj
d:\mywork\pjproject-2.8\pjsip\build\output\pjsip_core-i386-win32-vc14-debug\sip_util_proxy.obj
d:\mywork\pjproject-2.8\pjsip\build\output\pjsip_core-i386-win32-vc14-debug\sip_util.obj
d:\mywork\pjproject-2.8\pjsip\build\output\pjsip_core-i386-win32-vc14-debug\sip_uri.obj
d:\mywork\pjproject-2.8\pjsip\build\output\pjsip_core-i386-win32-vc14-debug\sip_ua_layer.obj
d:\mywork\pjproject-2.8\pjsip\lib\pjsip-core-i386-win32-vc14-debug.lib
d:\mywork\pjproject-2.8\pjsip\build\..\lib\pjsip-core-i386-win32-vc14-debug.lib
d:\mywork\pjproject-2.8\pjsip\build\output\pjsip_core-i386-win32-vc14-debug\pjsip_core.tlog\bscmake.command.1.tlog
d:\mywork\pjproject-2.8\pjsip\build\output\pjsip_core-i386-win32-vc14-debug\pjsip_core.tlog\bscmake.read.1.tlog
d:\mywork\pjproject-2.8\pjsip\build\output\pjsip_core-i386-win32-vc14-debug\pjsip_core.tlog\bscmake.write.1.tlog
d:\mywork\pjproject-2.8\pjsip\build\output\pjsip_core-i386-win32-vc14-debug\pjsip_core.tlog\cl.command.1.tlog
d:\mywork\pjproject-2.8\pjsip\build\output\pjsip_core-i386-win32-vc14-debug\pjsip_core.tlog\cl.read.1.tlog
d:\mywork\pjproject-2.8\pjsip\build\output\pjsip_core-i386-win32-vc14-debug\pjsip_core.tlog\cl.write.1.tlog
d:\mywork\pjproject-2.8\pjsip\build\output\pjsip_core-i386-win32-vc14-debug\pjsip_core.tlog\lib-link.read.1.tlog
d:\mywork\pjproject-2.8\pjsip\build\output\pjsip_core-i386-win32-vc14-debug\pjsip_core.tlog\lib-link.write.1.tlog
d:\mywork\pjproject-2.8\pjsip\build\output\pjsip_core-i386-win32-vc14-debug\pjsip_core.tlog\lib.command.1.tlog
