d:\mywork\pjproject-2.8\pjsip\lib\pjsip-simple-i386-win32-vc14-debug.bsc
d:\mywork\pjproject-2.8\pjsip\build\output\pjsip_simple-i386-win32-vc14-debug\pjsip_simple.pdb
d:\mywork\pjproject-2.8\pjsip\build\output\pjsip_simple-i386-win32-vc14-debug\errno.sbr
d:\mywork\pjproject-2.8\pjsip\build\output\pjsip_simple-i386-win32-vc14-debug\evsub.sbr
d:\mywork\pjproject-2.8\pjsip\build\output\pjsip_simple-i386-win32-vc14-debug\evsub_msg.sbr
d:\mywork\pjproject-2.8\pjsip\build\output\pjsip_simple-i386-win32-vc14-debug\iscomposing.sbr
d:\mywork\pjproject-2.8\pjsip\build\output\pjsip_simple-i386-win32-vc14-debug\mwi.sbr
d:\mywork\pjproject-2.8\pjsip\build\output\pjsip_simple-i386-win32-vc14-debug\pidf.sbr
d:\mywork\pjproject-2.8\pjsip\build\output\pjsip_simple-i386-win32-vc14-debug\presence.sbr
d:\mywork\pjproject-2.8\pjsip\build\output\pjsip_simple-i386-win32-vc14-debug\presence_body.sbr
d:\mywork\pjproject-2.8\pjsip\build\output\pjsip_simple-i386-win32-vc14-debug\publishc.sbr
d:\mywork\pjproject-2.8\pjsip\build\output\pjsip_simple-i386-win32-vc14-debug\rpid.sbr
d:\mywork\pjproject-2.8\pjsip\build\output\pjsip_simple-i386-win32-vc14-debug\xpidf.sbr
d:\mywork\pjproject-2.8\pjsip\build\output\pjsip_simple-i386-win32-vc14-debug\xpidf.obj
d:\mywork\pjproject-2.8\pjsip\build\output\pjsip_simple-i386-win32-vc14-debug\rpid.obj
d:\mywork\pjproject-2.8\pjsip\build\output\pjsip_simple-i386-win32-vc14-debug\publishc.obj
d:\mywork\pjproject-2.8\pjsip\build\output\pjsip_simple-i386-win32-vc14-debug\presence_body.obj
d:\mywork\pjproject-2.8\pjsip\build\output\pjsip_simple-i386-win32-vc14-debug\presence.obj
d:\mywork\pjproject-2.8\pjsip\build\output\pjsip_simple-i386-win32-vc14-debug\pidf.obj
d:\mywork\pjproject-2.8\pjsip\build\output\pjsip_simple-i386-win32-vc14-debug\mwi.obj
d:\mywork\pjproject-2.8\pjsip\build\output\pjsip_simple-i386-win32-vc14-debug\iscomposing.obj
d:\mywork\pjproject-2.8\pjsip\build\output\pjsip_simple-i386-win32-vc14-debug\evsub_msg.obj
d:\mywork\pjproject-2.8\pjsip\build\output\pjsip_simple-i386-win32-vc14-debug\evsub.obj
d:\mywork\pjproject-2.8\pjsip\build\output\pjsip_simple-i386-win32-vc14-debug\errno.obj
d:\mywork\pjproject-2.8\pjsip\lib\pjsip-simple-i386-win32-vc14-debug.lib
d:\mywork\pjproject-2.8\pjsip\build\..\lib\pjsip-simple-i386-win32-vc14-debug.lib
d:\mywork\pjproject-2.8\pjsip\build\output\pjsip_simple-i386-win32-vc14-debug\pjsip_simple.tlog\bscmake.command.1.tlog
d:\mywork\pjproject-2.8\pjsip\build\output\pjsip_simple-i386-win32-vc14-debug\pjsip_simple.tlog\bscmake.read.1.tlog
d:\mywork\pjproject-2.8\pjsip\build\output\pjsip_simple-i386-win32-vc14-debug\pjsip_simple.tlog\bscmake.write.1.tlog
d:\mywork\pjproject-2.8\pjsip\build\output\pjsip_simple-i386-win32-vc14-debug\pjsip_simple.tlog\cl.command.1.tlog
d:\mywork\pjproject-2.8\pjsip\build\output\pjsip_simple-i386-win32-vc14-debug\pjsip_simple.tlog\cl.read.1.tlog
d:\mywork\pjproject-2.8\pjsip\build\output\pjsip_simple-i386-win32-vc14-debug\pjsip_simple.tlog\cl.write.1.tlog
d:\mywork\pjproject-2.8\pjsip\build\output\pjsip_simple-i386-win32-vc14-debug\pjsip_simple.tlog\lib-link.read.1.tlog
d:\mywork\pjproject-2.8\pjsip\build\output\pjsip_simple-i386-win32-vc14-debug\pjsip_simple.tlog\lib-link.write.1.tlog
d:\mywork\pjproject-2.8\pjsip\build\output\pjsip_simple-i386-win32-vc14-debug\pjsip_simple.tlog\lib.command.1.tlog
