d:\mywork\pjproject-2.8\pjnath\lib\pjnath-i386-win32-vc14-debug.bsc
d:\mywork\pjproject-2.8\pjnath\build\output\pjnath-i386-win32-vc14-debug\pjnath.pdb
d:\mywork\pjproject-2.8\pjnath\build\output\pjnath-i386-win32-vc14-debug\errno.sbr
d:\mywork\pjproject-2.8\pjnath\build\output\pjnath-i386-win32-vc14-debug\ice_session.sbr
d:\mywork\pjproject-2.8\pjnath\build\output\pjnath-i386-win32-vc14-debug\ice_strans.sbr
d:\mywork\pjproject-2.8\pjnath\build\output\pjnath-i386-win32-vc14-debug\nat_detect.sbr
d:\mywork\pjproject-2.8\pjnath\build\output\pjnath-i386-win32-vc14-debug\stun_auth.sbr
d:\mywork\pjproject-2.8\pjnath\build\output\pjnath-i386-win32-vc14-debug\stun_msg.sbr
d:\mywork\pjproject-2.8\pjnath\build\output\pjnath-i386-win32-vc14-debug\stun_msg_dump.sbr
d:\mywork\pjproject-2.8\pjnath\build\output\pjnath-i386-win32-vc14-debug\stun_session.sbr
d:\mywork\pjproject-2.8\pjnath\build\output\pjnath-i386-win32-vc14-debug\stun_sock.sbr
d:\mywork\pjproject-2.8\pjnath\build\output\pjnath-i386-win32-vc14-debug\stun_transaction.sbr
d:\mywork\pjproject-2.8\pjnath\build\output\pjnath-i386-win32-vc14-debug\turn_session.sbr
d:\mywork\pjproject-2.8\pjnath\build\output\pjnath-i386-win32-vc14-debug\turn_sock.sbr
d:\mywork\pjproject-2.8\pjnath\build\output\pjnath-i386-win32-vc14-debug\turn_sock.obj
d:\mywork\pjproject-2.8\pjnath\build\output\pjnath-i386-win32-vc14-debug\turn_session.obj
d:\mywork\pjproject-2.8\pjnath\build\output\pjnath-i386-win32-vc14-debug\stun_transaction.obj
d:\mywork\pjproject-2.8\pjnath\build\output\pjnath-i386-win32-vc14-debug\stun_sock.obj
d:\mywork\pjproject-2.8\pjnath\build\output\pjnath-i386-win32-vc14-debug\stun_session.obj
d:\mywork\pjproject-2.8\pjnath\build\output\pjnath-i386-win32-vc14-debug\stun_msg_dump.obj
d:\mywork\pjproject-2.8\pjnath\build\output\pjnath-i386-win32-vc14-debug\stun_msg.obj
d:\mywork\pjproject-2.8\pjnath\build\output\pjnath-i386-win32-vc14-debug\stun_auth.obj
d:\mywork\pjproject-2.8\pjnath\build\output\pjnath-i386-win32-vc14-debug\nat_detect.obj
d:\mywork\pjproject-2.8\pjnath\build\output\pjnath-i386-win32-vc14-debug\ice_strans.obj
d:\mywork\pjproject-2.8\pjnath\build\output\pjnath-i386-win32-vc14-debug\ice_session.obj
d:\mywork\pjproject-2.8\pjnath\build\output\pjnath-i386-win32-vc14-debug\errno.obj
d:\mywork\pjproject-2.8\pjnath\lib\pjnath-i386-win32-vc14-debug.lib
d:\mywork\pjproject-2.8\pjnath\build\..\lib\pjnath-i386-win32-vc14-debug.lib
d:\mywork\pjproject-2.8\pjnath\build\output\pjnath-i386-win32-vc14-debug\pjnath.tlog\bscmake.command.1.tlog
d:\mywork\pjproject-2.8\pjnath\build\output\pjnath-i386-win32-vc14-debug\pjnath.tlog\bscmake.read.1.tlog
d:\mywork\pjproject-2.8\pjnath\build\output\pjnath-i386-win32-vc14-debug\pjnath.tlog\bscmake.write.1.tlog
d:\mywork\pjproject-2.8\pjnath\build\output\pjnath-i386-win32-vc14-debug\pjnath.tlog\cl.command.1.tlog
d:\mywork\pjproject-2.8\pjnath\build\output\pjnath-i386-win32-vc14-debug\pjnath.tlog\cl.read.1.tlog
d:\mywork\pjproject-2.8\pjnath\build\output\pjnath-i386-win32-vc14-debug\pjnath.tlog\cl.write.1.tlog
d:\mywork\pjproject-2.8\pjnath\build\output\pjnath-i386-win32-vc14-debug\pjnath.tlog\lib-link.read.1.tlog
d:\mywork\pjproject-2.8\pjnath\build\output\pjnath-i386-win32-vc14-debug\pjnath.tlog\lib-link.write.1.tlog
d:\mywork\pjproject-2.8\pjnath\build\output\pjnath-i386-win32-vc14-debug\pjnath.tlog\lib.command.1.tlog
