d:\mywork\pjproject-2.8\pjmedia\lib\pjmedia-audiodev-i386-win32-vc14-debug.bsc
d:\mywork\pjproject-2.8\pjmedia\build\output\pjmedia_audiodev-i386-win32-vc14-debug\pjmedia_audiodev.pdb
d:\mywork\pjproject-2.8\pjmedia\build\output\pjmedia_audiodev-i386-win32-vc14-debug\audiodev.sbr
d:\mywork\pjproject-2.8\pjmedia\build\output\pjmedia_audiodev-i386-win32-vc14-debug\audiotest.sbr
d:\mywork\pjproject-2.8\pjmedia\build\output\pjmedia_audiodev-i386-win32-vc14-debug\bdimad_dev.sbr
d:\mywork\pjproject-2.8\pjmedia\build\output\pjmedia_audiodev-i386-win32-vc14-debug\errno.sbr
d:\mywork\pjproject-2.8\pjmedia\build\output\pjmedia_audiodev-i386-win32-vc14-debug\legacy_dev.sbr
d:\mywork\pjproject-2.8\pjmedia\build\output\pjmedia_audiodev-i386-win32-vc14-debug\null_dev.sbr
d:\mywork\pjproject-2.8\pjmedia\build\output\pjmedia_audiodev-i386-win32-vc14-debug\pa_dev.sbr
d:\mywork\pjproject-2.8\pjmedia\build\output\pjmedia_audiodev-i386-win32-vc14-debug\wmme_dev.sbr
d:\mywork\pjproject-2.8\pjmedia\build\output\pjmedia_audiodev-i386-win32-vc14-debug\wmme_dev.obj
d:\mywork\pjproject-2.8\pjmedia\build\output\pjmedia_audiodev-i386-win32-vc14-debug\pa_dev.obj
d:\mywork\pjproject-2.8\pjmedia\build\output\pjmedia_audiodev-i386-win32-vc14-debug\null_dev.obj
d:\mywork\pjproject-2.8\pjmedia\build\output\pjmedia_audiodev-i386-win32-vc14-debug\legacy_dev.obj
d:\mywork\pjproject-2.8\pjmedia\build\output\pjmedia_audiodev-i386-win32-vc14-debug\errno.obj
d:\mywork\pjproject-2.8\pjmedia\build\output\pjmedia_audiodev-i386-win32-vc14-debug\bdimad_dev.obj
d:\mywork\pjproject-2.8\pjmedia\build\output\pjmedia_audiodev-i386-win32-vc14-debug\audiotest.obj
d:\mywork\pjproject-2.8\pjmedia\build\output\pjmedia_audiodev-i386-win32-vc14-debug\audiodev.obj
d:\mywork\pjproject-2.8\pjmedia\lib\pjmedia-audiodev-i386-win32-vc14-debug.lib
d:\mywork\pjproject-2.8\pjmedia\build\..\lib\pjmedia-audiodev-i386-win32-vc14-debug.lib
d:\mywork\pjproject-2.8\pjmedia\build\output\pjmedia_audiodev-i386-win32-vc14-debug\pjmedia_audiodev.tlog\bscmake.command.1.tlog
d:\mywork\pjproject-2.8\pjmedia\build\output\pjmedia_audiodev-i386-win32-vc14-debug\pjmedia_audiodev.tlog\bscmake.read.1.tlog
d:\mywork\pjproject-2.8\pjmedia\build\output\pjmedia_audiodev-i386-win32-vc14-debug\pjmedia_audiodev.tlog\bscmake.write.1.tlog
d:\mywork\pjproject-2.8\pjmedia\build\output\pjmedia_audiodev-i386-win32-vc14-debug\pjmedia_audiodev.tlog\cl.command.1.tlog
d:\mywork\pjproject-2.8\pjmedia\build\output\pjmedia_audiodev-i386-win32-vc14-debug\pjmedia_audiodev.tlog\cl.read.1.tlog
d:\mywork\pjproject-2.8\pjmedia\build\output\pjmedia_audiodev-i386-win32-vc14-debug\pjmedia_audiodev.tlog\cl.write.1.tlog
d:\mywork\pjproject-2.8\pjmedia\build\output\pjmedia_audiodev-i386-win32-vc14-debug\pjmedia_audiodev.tlog\lib-link.read.1.tlog
d:\mywork\pjproject-2.8\pjmedia\build\output\pjmedia_audiodev-i386-win32-vc14-debug\pjmedia_audiodev.tlog\lib-link.write.1.tlog
d:\mywork\pjproject-2.8\pjmedia\build\output\pjmedia_audiodev-i386-win32-vc14-debug\pjmedia_audiodev.tlog\lib.command.1.tlog
