d:\mywork\pjproject-2.8\pjsip\lib\pjsip-ua-i386-win32-vc14-debug.bsc
d:\mywork\pjproject-2.8\pjsip\build\output\pjsip_ua-i386-win32-vc14-debug\pjsip_ua.pdb
d:\mywork\pjproject-2.8\pjsip\build\output\pjsip_ua-i386-win32-vc14-debug\sip_100rel.sbr
d:\mywork\pjproject-2.8\pjsip\build\output\pjsip_ua-i386-win32-vc14-debug\sip_inv.sbr
d:\mywork\pjproject-2.8\pjsip\build\output\pjsip_ua-i386-win32-vc14-debug\sip_reg.sbr
d:\mywork\pjproject-2.8\pjsip\build\output\pjsip_ua-i386-win32-vc14-debug\sip_replaces.sbr
d:\mywork\pjproject-2.8\pjsip\build\output\pjsip_ua-i386-win32-vc14-debug\sip_timer.sbr
d:\mywork\pjproject-2.8\pjsip\build\output\pjsip_ua-i386-win32-vc14-debug\sip_xfer.sbr
d:\mywork\pjproject-2.8\pjsip\build\output\pjsip_ua-i386-win32-vc14-debug\sip_xfer.obj
d:\mywork\pjproject-2.8\pjsip\build\output\pjsip_ua-i386-win32-vc14-debug\sip_timer.obj
d:\mywork\pjproject-2.8\pjsip\build\output\pjsip_ua-i386-win32-vc14-debug\sip_replaces.obj
d:\mywork\pjproject-2.8\pjsip\build\output\pjsip_ua-i386-win32-vc14-debug\sip_reg.obj
d:\mywork\pjproject-2.8\pjsip\build\output\pjsip_ua-i386-win32-vc14-debug\sip_inv.obj
d:\mywork\pjproject-2.8\pjsip\build\output\pjsip_ua-i386-win32-vc14-debug\sip_100rel.obj
d:\mywork\pjproject-2.8\pjsip\lib\pjsip-ua-i386-win32-vc14-debug.lib
d:\mywork\pjproject-2.8\pjsip\build\..\lib\pjsip-ua-i386-win32-vc14-debug.lib
d:\mywork\pjproject-2.8\pjsip\build\output\pjsip_ua-i386-win32-vc14-debug\pjsip_ua.tlog\bscmake.command.1.tlog
d:\mywork\pjproject-2.8\pjsip\build\output\pjsip_ua-i386-win32-vc14-debug\pjsip_ua.tlog\bscmake.read.1.tlog
d:\mywork\pjproject-2.8\pjsip\build\output\pjsip_ua-i386-win32-vc14-debug\pjsip_ua.tlog\bscmake.write.1.tlog
d:\mywork\pjproject-2.8\pjsip\build\output\pjsip_ua-i386-win32-vc14-debug\pjsip_ua.tlog\cl.command.1.tlog
d:\mywork\pjproject-2.8\pjsip\build\output\pjsip_ua-i386-win32-vc14-debug\pjsip_ua.tlog\cl.read.1.tlog
d:\mywork\pjproject-2.8\pjsip\build\output\pjsip_ua-i386-win32-vc14-debug\pjsip_ua.tlog\cl.write.1.tlog
d:\mywork\pjproject-2.8\pjsip\build\output\pjsip_ua-i386-win32-vc14-debug\pjsip_ua.tlog\lib-link.read.1.tlog
d:\mywork\pjproject-2.8\pjsip\build\output\pjsip_ua-i386-win32-vc14-debug\pjsip_ua.tlog\lib-link.write.1.tlog
d:\mywork\pjproject-2.8\pjsip\build\output\pjsip_ua-i386-win32-vc14-debug\pjsip_ua.tlog\lib.command.1.tlog
