d:\mywork\pjproject-2.8\pjsip\lib\pjsua2-lib-i386-win32-vc14-debug.bsc
d:\mywork\pjproject-2.8\pjsip\build\output\pjsua2_lib-i386-win32-vc14-debug\pjsua2_lib.pdb
d:\mywork\pjproject-2.8\pjsip\build\output\pjsua2_lib-i386-win32-vc14-debug\account.sbr
d:\mywork\pjproject-2.8\pjsip\build\output\pjsua2_lib-i386-win32-vc14-debug\call.sbr
d:\mywork\pjproject-2.8\pjsip\build\output\pjsua2_lib-i386-win32-vc14-debug\endpoint.sbr
d:\mywork\pjproject-2.8\pjsip\build\output\pjsua2_lib-i386-win32-vc14-debug\json.sbr
d:\mywork\pjproject-2.8\pjsip\build\output\pjsua2_lib-i386-win32-vc14-debug\media.sbr
d:\mywork\pjproject-2.8\pjsip\build\output\pjsua2_lib-i386-win32-vc14-debug\persistent.sbr
d:\mywork\pjproject-2.8\pjsip\build\output\pjsua2_lib-i386-win32-vc14-debug\presence.sbr
d:\mywork\pjproject-2.8\pjsip\build\output\pjsua2_lib-i386-win32-vc14-debug\siptypes.sbr
d:\mywork\pjproject-2.8\pjsip\build\output\pjsua2_lib-i386-win32-vc14-debug\types.sbr
d:\mywork\pjproject-2.8\pjsip\build\output\pjsua2_lib-i386-win32-vc14-debug\types.obj
d:\mywork\pjproject-2.8\pjsip\build\output\pjsua2_lib-i386-win32-vc14-debug\siptypes.obj
d:\mywork\pjproject-2.8\pjsip\build\output\pjsua2_lib-i386-win32-vc14-debug\presence.obj
d:\mywork\pjproject-2.8\pjsip\build\output\pjsua2_lib-i386-win32-vc14-debug\persistent.obj
d:\mywork\pjproject-2.8\pjsip\build\output\pjsua2_lib-i386-win32-vc14-debug\media.obj
d:\mywork\pjproject-2.8\pjsip\build\output\pjsua2_lib-i386-win32-vc14-debug\json.obj
d:\mywork\pjproject-2.8\pjsip\build\output\pjsua2_lib-i386-win32-vc14-debug\endpoint.obj
d:\mywork\pjproject-2.8\pjsip\build\output\pjsua2_lib-i386-win32-vc14-debug\call.obj
d:\mywork\pjproject-2.8\pjsip\build\output\pjsua2_lib-i386-win32-vc14-debug\account.obj
d:\mywork\pjproject-2.8\pjsip\lib\pjsua2-lib-i386-win32-vc14-debug.lib
d:\mywork\pjproject-2.8\pjsip\build\..\lib\pjsua2-lib-i386-win32-vc14-debug.lib
d:\mywork\pjproject-2.8\pjsip\build\output\pjsua2_lib-i386-win32-vc14-debug\pjsua2_lib.tlog\bscmake.command.1.tlog
d:\mywork\pjproject-2.8\pjsip\build\output\pjsua2_lib-i386-win32-vc14-debug\pjsua2_lib.tlog\bscmake.read.1.tlog
d:\mywork\pjproject-2.8\pjsip\build\output\pjsua2_lib-i386-win32-vc14-debug\pjsua2_lib.tlog\bscmake.write.1.tlog
d:\mywork\pjproject-2.8\pjsip\build\output\pjsua2_lib-i386-win32-vc14-debug\pjsua2_lib.tlog\cl.command.1.tlog
d:\mywork\pjproject-2.8\pjsip\build\output\pjsua2_lib-i386-win32-vc14-debug\pjsua2_lib.tlog\cl.read.1.tlog
d:\mywork\pjproject-2.8\pjsip\build\output\pjsua2_lib-i386-win32-vc14-debug\pjsua2_lib.tlog\cl.write.1.tlog
d:\mywork\pjproject-2.8\pjsip\build\output\pjsua2_lib-i386-win32-vc14-debug\pjsua2_lib.tlog\lib-link.read.1.tlog
d:\mywork\pjproject-2.8\pjsip\build\output\pjsua2_lib-i386-win32-vc14-debug\pjsua2_lib.tlog\lib-link.write.1.tlog
d:\mywork\pjproject-2.8\pjsip\build\output\pjsua2_lib-i386-win32-vc14-debug\pjsua2_lib.tlog\lib.command.1.tlog
