d:\mywork\pjproject-2.8\pjmedia\lib\pjmedia-videodev-i386-win32-vc14-debug.bsc
d:\mywork\pjproject-2.8\pjmedia\build\output\pjmedia_videodev-i386-win32-vc14-debug\pjmedia_videodev.pdb
d:\mywork\pjproject-2.8\pjmedia\build\output\pjmedia_videodev-i386-win32-vc14-debug\avi_dev.sbr
d:\mywork\pjproject-2.8\pjmedia\build\output\pjmedia_videodev-i386-win32-vc14-debug\colorbar_dev.sbr
d:\mywork\pjproject-2.8\pjmedia\build\output\pjmedia_videodev-i386-win32-vc14-debug\dshow_dev.sbr
d:\mywork\pjproject-2.8\pjmedia\build\output\pjmedia_videodev-i386-win32-vc14-debug\errno.sbr
d:\mywork\pjproject-2.8\pjmedia\build\output\pjmedia_videodev-i386-win32-vc14-debug\ffmpeg_dev.sbr
d:\mywork\pjproject-2.8\pjmedia\build\output\pjmedia_videodev-i386-win32-vc14-debug\sdl_dev.sbr
d:\mywork\pjproject-2.8\pjmedia\build\output\pjmedia_videodev-i386-win32-vc14-debug\videodev.sbr
d:\mywork\pjproject-2.8\pjmedia\build\output\pjmedia_videodev-i386-win32-vc14-debug\videodev.obj
d:\mywork\pjproject-2.8\pjmedia\build\output\pjmedia_videodev-i386-win32-vc14-debug\sdl_dev.obj
d:\mywork\pjproject-2.8\pjmedia\build\output\pjmedia_videodev-i386-win32-vc14-debug\ffmpeg_dev.obj
d:\mywork\pjproject-2.8\pjmedia\build\output\pjmedia_videodev-i386-win32-vc14-debug\errno.obj
d:\mywork\pjproject-2.8\pjmedia\build\output\pjmedia_videodev-i386-win32-vc14-debug\dshow_dev.obj
d:\mywork\pjproject-2.8\pjmedia\build\output\pjmedia_videodev-i386-win32-vc14-debug\colorbar_dev.obj
d:\mywork\pjproject-2.8\pjmedia\build\output\pjmedia_videodev-i386-win32-vc14-debug\avi_dev.obj
d:\mywork\pjproject-2.8\pjmedia\build\output\pjmedia_videodev-i386-win32-vc14-debug\dshowclasses.sbr
d:\mywork\pjproject-2.8\pjmedia\build\output\pjmedia_videodev-i386-win32-vc14-debug\dshowclasses.obj
d:\mywork\pjproject-2.8\pjmedia\lib\pjmedia-videodev-i386-win32-vc14-debug.lib
d:\mywork\pjproject-2.8\pjmedia\build\..\lib\pjmedia-videodev-i386-win32-vc14-debug.lib
d:\mywork\pjproject-2.8\pjmedia\build\output\pjmedia_videodev-i386-win32-vc14-debug\pjmedia_videodev.tlog\bscmake.command.1.tlog
d:\mywork\pjproject-2.8\pjmedia\build\output\pjmedia_videodev-i386-win32-vc14-debug\pjmedia_videodev.tlog\bscmake.read.1.tlog
d:\mywork\pjproject-2.8\pjmedia\build\output\pjmedia_videodev-i386-win32-vc14-debug\pjmedia_videodev.tlog\bscmake.write.1.tlog
d:\mywork\pjproject-2.8\pjmedia\build\output\pjmedia_videodev-i386-win32-vc14-debug\pjmedia_videodev.tlog\cl.command.1.tlog
d:\mywork\pjproject-2.8\pjmedia\build\output\pjmedia_videodev-i386-win32-vc14-debug\pjmedia_videodev.tlog\cl.read.1.tlog
d:\mywork\pjproject-2.8\pjmedia\build\output\pjmedia_videodev-i386-win32-vc14-debug\pjmedia_videodev.tlog\cl.write.1.tlog
d:\mywork\pjproject-2.8\pjmedia\build\output\pjmedia_videodev-i386-win32-vc14-debug\pjmedia_videodev.tlog\lib-link.read.1.tlog
d:\mywork\pjproject-2.8\pjmedia\build\output\pjmedia_videodev-i386-win32-vc14-debug\pjmedia_videodev.tlog\lib-link.write.1.tlog
d:\mywork\pjproject-2.8\pjmedia\build\output\pjmedia_videodev-i386-win32-vc14-debug\pjmedia_videodev.tlog\lib.command.1.tlog
