d:\mywork\pjproject-2.8\pjsip\lib\pjsua-lib-i386-win32-vc14-debug.bsc
d:\mywork\pjproject-2.8\pjsip\build\output\pjsua_lib-i386-win32-vc14-debug\pjsua_lib.pdb
d:\mywork\pjproject-2.8\pjsip\build\output\pjsua_lib-i386-win32-vc14-debug\pjsua_acc.sbr
d:\mywork\pjproject-2.8\pjsip\build\output\pjsua_lib-i386-win32-vc14-debug\pjsua_aud.sbr
d:\mywork\pjproject-2.8\pjsip\build\output\pjsua_lib-i386-win32-vc14-debug\pjsua_call.sbr
d:\mywork\pjproject-2.8\pjsip\build\output\pjsua_lib-i386-win32-vc14-debug\pjsua_core.sbr
d:\mywork\pjproject-2.8\pjsip\build\output\pjsua_lib-i386-win32-vc14-debug\pjsua_dump.sbr
d:\mywork\pjproject-2.8\pjsip\build\output\pjsua_lib-i386-win32-vc14-debug\pjsua_im.sbr
d:\mywork\pjproject-2.8\pjsip\build\output\pjsua_lib-i386-win32-vc14-debug\pjsua_media.sbr
d:\mywork\pjproject-2.8\pjsip\build\output\pjsua_lib-i386-win32-vc14-debug\pjsua_pres.sbr
d:\mywork\pjproject-2.8\pjsip\build\output\pjsua_lib-i386-win32-vc14-debug\pjsua_vid.sbr
d:\mywork\pjproject-2.8\pjsip\build\output\pjsua_lib-i386-win32-vc14-debug\pjsua_vid.obj
d:\mywork\pjproject-2.8\pjsip\build\output\pjsua_lib-i386-win32-vc14-debug\pjsua_pres.obj
d:\mywork\pjproject-2.8\pjsip\build\output\pjsua_lib-i386-win32-vc14-debug\pjsua_media.obj
d:\mywork\pjproject-2.8\pjsip\build\output\pjsua_lib-i386-win32-vc14-debug\pjsua_im.obj
d:\mywork\pjproject-2.8\pjsip\build\output\pjsua_lib-i386-win32-vc14-debug\pjsua_dump.obj
d:\mywork\pjproject-2.8\pjsip\build\output\pjsua_lib-i386-win32-vc14-debug\pjsua_core.obj
d:\mywork\pjproject-2.8\pjsip\build\output\pjsua_lib-i386-win32-vc14-debug\pjsua_call.obj
d:\mywork\pjproject-2.8\pjsip\build\output\pjsua_lib-i386-win32-vc14-debug\pjsua_aud.obj
d:\mywork\pjproject-2.8\pjsip\build\output\pjsua_lib-i386-win32-vc14-debug\pjsua_acc.obj
d:\mywork\pjproject-2.8\pjsip\lib\pjsua-lib-i386-win32-vc14-debug.lib
d:\mywork\pjproject-2.8\pjsip\build\..\lib\pjsua-lib-i386-win32-vc14-debug.lib
d:\mywork\pjproject-2.8\pjsip\build\output\pjsua_lib-i386-win32-vc14-debug\pjsua_lib.tlog\bscmake.command.1.tlog
d:\mywork\pjproject-2.8\pjsip\build\output\pjsua_lib-i386-win32-vc14-debug\pjsua_lib.tlog\bscmake.read.1.tlog
d:\mywork\pjproject-2.8\pjsip\build\output\pjsua_lib-i386-win32-vc14-debug\pjsua_lib.tlog\bscmake.write.1.tlog
d:\mywork\pjproject-2.8\pjsip\build\output\pjsua_lib-i386-win32-vc14-debug\pjsua_lib.tlog\cl.command.1.tlog
d:\mywork\pjproject-2.8\pjsip\build\output\pjsua_lib-i386-win32-vc14-debug\pjsua_lib.tlog\cl.read.1.tlog
d:\mywork\pjproject-2.8\pjsip\build\output\pjsua_lib-i386-win32-vc14-debug\pjsua_lib.tlog\cl.write.1.tlog
d:\mywork\pjproject-2.8\pjsip\build\output\pjsua_lib-i386-win32-vc14-debug\pjsua_lib.tlog\lib-link.read.1.tlog
d:\mywork\pjproject-2.8\pjsip\build\output\pjsua_lib-i386-win32-vc14-debug\pjsua_lib.tlog\lib-link.write.1.tlog
d:\mywork\pjproject-2.8\pjsip\build\output\pjsua_lib-i386-win32-vc14-debug\pjsua_lib.tlog\lib.command.1.tlog
