d:\mywork\pjproject-2.8\pjlib\lib\pjlib-i386-win32-vc14-debug.bsc
d:\mywork\pjproject-2.8\pjlib\build\output\pjlib-i386-win32-vc14-debug\pjlib.pdb
d:\mywork\pjproject-2.8\pjlib\build\output\pjlib-i386-win32-vc14-debug\activesock.sbr
d:\mywork\pjproject-2.8\pjlib\build\output\pjlib-i386-win32-vc14-debug\addr_resolv_sock.sbr
d:\mywork\pjproject-2.8\pjlib\build\output\pjlib-i386-win32-vc14-debug\array.sbr
d:\mywork\pjproject-2.8\pjlib\build\output\pjlib-i386-win32-vc14-debug\config.sbr
d:\mywork\pjproject-2.8\pjlib\build\output\pjlib-i386-win32-vc14-debug\ctype.sbr
d:\mywork\pjproject-2.8\pjlib\build\output\pjlib-i386-win32-vc14-debug\errno.sbr
d:\mywork\pjproject-2.8\pjlib\build\output\pjlib-i386-win32-vc14-debug\except.sbr
d:\mywork\pjproject-2.8\pjlib\build\output\pjlib-i386-win32-vc14-debug\fifobuf.sbr
d:\mywork\pjproject-2.8\pjlib\build\output\pjlib-i386-win32-vc14-debug\file_access_win32.sbr
d:\mywork\pjproject-2.8\pjlib\build\output\pjlib-i386-win32-vc14-debug\file_io_win32.sbr
d:\mywork\pjproject-2.8\pjlib\build\output\pjlib-i386-win32-vc14-debug\guid.sbr
d:\mywork\pjproject-2.8\pjlib\build\output\pjlib-i386-win32-vc14-debug\guid_win32.sbr
d:\mywork\pjproject-2.8\pjlib\build\output\pjlib-i386-win32-vc14-debug\hash.sbr
d:\mywork\pjproject-2.8\pjlib\build\output\pjlib-i386-win32-vc14-debug\ioqueue_select.sbr
d:\mywork\pjproject-2.8\pjlib\build\output\pjlib-i386-win32-vc14-debug\ip_helper_win32.sbr
d:\mywork\pjproject-2.8\pjlib\build\output\pjlib-i386-win32-vc14-debug\list.sbr
d:\mywork\pjproject-2.8\pjlib\build\output\pjlib-i386-win32-vc14-debug\lock.sbr
d:\mywork\pjproject-2.8\pjlib\build\output\pjlib-i386-win32-vc14-debug\log.sbr
d:\mywork\pjproject-2.8\pjlib\build\output\pjlib-i386-win32-vc14-debug\log_writer_stdout.sbr
d:\mywork\pjproject-2.8\pjlib\build\output\pjlib-i386-win32-vc14-debug\os_core_win32.sbr
d:\mywork\pjproject-2.8\pjlib\build\output\pjlib-i386-win32-vc14-debug\os_core_win32.obj
d:\mywork\pjproject-2.8\pjlib\build\output\pjlib-i386-win32-vc14-debug\log_writer_stdout.obj
d:\mywork\pjproject-2.8\pjlib\build\output\pjlib-i386-win32-vc14-debug\log.obj
d:\mywork\pjproject-2.8\pjlib\build\output\pjlib-i386-win32-vc14-debug\lock.obj
d:\mywork\pjproject-2.8\pjlib\build\output\pjlib-i386-win32-vc14-debug\list.obj
d:\mywork\pjproject-2.8\pjlib\build\output\pjlib-i386-win32-vc14-debug\ip_helper_win32.obj
d:\mywork\pjproject-2.8\pjlib\build\output\pjlib-i386-win32-vc14-debug\ioqueue_select.obj
d:\mywork\pjproject-2.8\pjlib\build\output\pjlib-i386-win32-vc14-debug\hash.obj
d:\mywork\pjproject-2.8\pjlib\build\output\pjlib-i386-win32-vc14-debug\guid_win32.obj
d:\mywork\pjproject-2.8\pjlib\build\output\pjlib-i386-win32-vc14-debug\guid.obj
d:\mywork\pjproject-2.8\pjlib\build\output\pjlib-i386-win32-vc14-debug\file_io_win32.obj
d:\mywork\pjproject-2.8\pjlib\build\output\pjlib-i386-win32-vc14-debug\file_access_win32.obj
d:\mywork\pjproject-2.8\pjlib\build\output\pjlib-i386-win32-vc14-debug\fifobuf.obj
d:\mywork\pjproject-2.8\pjlib\build\output\pjlib-i386-win32-vc14-debug\except.obj
d:\mywork\pjproject-2.8\pjlib\build\output\pjlib-i386-win32-vc14-debug\errno.obj
d:\mywork\pjproject-2.8\pjlib\build\output\pjlib-i386-win32-vc14-debug\ctype.obj
d:\mywork\pjproject-2.8\pjlib\build\output\pjlib-i386-win32-vc14-debug\config.obj
d:\mywork\pjproject-2.8\pjlib\build\output\pjlib-i386-win32-vc14-debug\array.obj
d:\mywork\pjproject-2.8\pjlib\build\output\pjlib-i386-win32-vc14-debug\addr_resolv_sock.obj
d:\mywork\pjproject-2.8\pjlib\build\output\pjlib-i386-win32-vc14-debug\activesock.obj
d:\mywork\pjproject-2.8\pjlib\build\output\pjlib-i386-win32-vc14-debug\os_error_win32.sbr
d:\mywork\pjproject-2.8\pjlib\build\output\pjlib-i386-win32-vc14-debug\os_info.sbr
d:\mywork\pjproject-2.8\pjlib\build\output\pjlib-i386-win32-vc14-debug\os_timestamp_common.sbr
d:\mywork\pjproject-2.8\pjlib\build\output\pjlib-i386-win32-vc14-debug\os_timestamp_win32.sbr
d:\mywork\pjproject-2.8\pjlib\build\output\pjlib-i386-win32-vc14-debug\os_time_win32.sbr
d:\mywork\pjproject-2.8\pjlib\build\output\pjlib-i386-win32-vc14-debug\pool.sbr
d:\mywork\pjproject-2.8\pjlib\build\output\pjlib-i386-win32-vc14-debug\pool_buf.sbr
d:\mywork\pjproject-2.8\pjlib\build\output\pjlib-i386-win32-vc14-debug\pool_caching.sbr
d:\mywork\pjproject-2.8\pjlib\build\output\pjlib-i386-win32-vc14-debug\pool_dbg.sbr
d:\mywork\pjproject-2.8\pjlib\build\output\pjlib-i386-win32-vc14-debug\pool_policy_malloc.sbr
d:\mywork\pjproject-2.8\pjlib\build\output\pjlib-i386-win32-vc14-debug\rand.sbr
d:\mywork\pjproject-2.8\pjlib\build\output\pjlib-i386-win32-vc14-debug\rbtree.sbr
d:\mywork\pjproject-2.8\pjlib\build\output\pjlib-i386-win32-vc14-debug\sock_bsd.sbr
d:\mywork\pjproject-2.8\pjlib\build\output\pjlib-i386-win32-vc14-debug\sock_common.sbr
d:\mywork\pjproject-2.8\pjlib\build\output\pjlib-i386-win32-vc14-debug\sock_qos_bsd.sbr
d:\mywork\pjproject-2.8\pjlib\build\output\pjlib-i386-win32-vc14-debug\sock_qos_common.sbr
d:\mywork\pjproject-2.8\pjlib\build\output\pjlib-i386-win32-vc14-debug\sock_qos_dummy.sbr
d:\mywork\pjproject-2.8\pjlib\build\output\pjlib-i386-win32-vc14-debug\sock_qos_wm.sbr
d:\mywork\pjproject-2.8\pjlib\build\output\pjlib-i386-win32-vc14-debug\sock_select.sbr
d:\mywork\pjproject-2.8\pjlib\build\output\pjlib-i386-win32-vc14-debug\ssl_sock_common.sbr
d:\mywork\pjproject-2.8\pjlib\build\output\pjlib-i386-win32-vc14-debug\ssl_sock_common.obj
d:\mywork\pjproject-2.8\pjlib\build\output\pjlib-i386-win32-vc14-debug\sock_select.obj
d:\mywork\pjproject-2.8\pjlib\build\output\pjlib-i386-win32-vc14-debug\sock_qos_wm.obj
d:\mywork\pjproject-2.8\pjlib\build\output\pjlib-i386-win32-vc14-debug\sock_qos_dummy.obj
d:\mywork\pjproject-2.8\pjlib\build\output\pjlib-i386-win32-vc14-debug\sock_qos_common.obj
d:\mywork\pjproject-2.8\pjlib\build\output\pjlib-i386-win32-vc14-debug\sock_qos_bsd.obj
d:\mywork\pjproject-2.8\pjlib\build\output\pjlib-i386-win32-vc14-debug\sock_common.obj
d:\mywork\pjproject-2.8\pjlib\build\output\pjlib-i386-win32-vc14-debug\sock_bsd.obj
d:\mywork\pjproject-2.8\pjlib\build\output\pjlib-i386-win32-vc14-debug\rbtree.obj
d:\mywork\pjproject-2.8\pjlib\build\output\pjlib-i386-win32-vc14-debug\rand.obj
d:\mywork\pjproject-2.8\pjlib\build\output\pjlib-i386-win32-vc14-debug\pool_policy_malloc.obj
d:\mywork\pjproject-2.8\pjlib\build\output\pjlib-i386-win32-vc14-debug\pool_dbg.obj
d:\mywork\pjproject-2.8\pjlib\build\output\pjlib-i386-win32-vc14-debug\pool_caching.obj
d:\mywork\pjproject-2.8\pjlib\build\output\pjlib-i386-win32-vc14-debug\pool_buf.obj
d:\mywork\pjproject-2.8\pjlib\build\output\pjlib-i386-win32-vc14-debug\pool.obj
d:\mywork\pjproject-2.8\pjlib\build\output\pjlib-i386-win32-vc14-debug\os_time_win32.obj
d:\mywork\pjproject-2.8\pjlib\build\output\pjlib-i386-win32-vc14-debug\os_timestamp_win32.obj
d:\mywork\pjproject-2.8\pjlib\build\output\pjlib-i386-win32-vc14-debug\os_timestamp_common.obj
d:\mywork\pjproject-2.8\pjlib\build\output\pjlib-i386-win32-vc14-debug\os_info.obj
d:\mywork\pjproject-2.8\pjlib\build\output\pjlib-i386-win32-vc14-debug\os_error_win32.obj
d:\mywork\pjproject-2.8\pjlib\build\output\pjlib-i386-win32-vc14-debug\ssl_sock_dump.sbr
d:\mywork\pjproject-2.8\pjlib\build\output\pjlib-i386-win32-vc14-debug\ssl_sock_ossl.sbr
d:\mywork\pjproject-2.8\pjlib\build\output\pjlib-i386-win32-vc14-debug\string.sbr
d:\mywork\pjproject-2.8\pjlib\build\output\pjlib-i386-win32-vc14-debug\timer.sbr
d:\mywork\pjproject-2.8\pjlib\build\output\pjlib-i386-win32-vc14-debug\types.sbr
d:\mywork\pjproject-2.8\pjlib\build\output\pjlib-i386-win32-vc14-debug\unicode_win32.sbr
d:\mywork\pjproject-2.8\pjlib\build\output\pjlib-i386-win32-vc14-debug\unicode_win32.obj
d:\mywork\pjproject-2.8\pjlib\build\output\pjlib-i386-win32-vc14-debug\types.obj
d:\mywork\pjproject-2.8\pjlib\build\output\pjlib-i386-win32-vc14-debug\timer.obj
d:\mywork\pjproject-2.8\pjlib\build\output\pjlib-i386-win32-vc14-debug\string.obj
d:\mywork\pjproject-2.8\pjlib\build\output\pjlib-i386-win32-vc14-debug\ssl_sock_ossl.obj
d:\mywork\pjproject-2.8\pjlib\build\output\pjlib-i386-win32-vc14-debug\ssl_sock_dump.obj
d:\mywork\pjproject-2.8\pjlib\lib\pjlib-i386-win32-vc14-debug.lib
d:\mywork\pjproject-2.8\pjlib\build\..\lib\pjlib-i386-win32-vc14-debug.lib
d:\mywork\pjproject-2.8\pjlib\build\output\pjlib-i386-win32-vc14-debug\pjlib.tlog\bscmake.command.1.tlog
d:\mywork\pjproject-2.8\pjlib\build\output\pjlib-i386-win32-vc14-debug\pjlib.tlog\bscmake.read.1.tlog
d:\mywork\pjproject-2.8\pjlib\build\output\pjlib-i386-win32-vc14-debug\pjlib.tlog\bscmake.write.1.tlog
d:\mywork\pjproject-2.8\pjlib\build\output\pjlib-i386-win32-vc14-debug\pjlib.tlog\cl.command.1.tlog
d:\mywork\pjproject-2.8\pjlib\build\output\pjlib-i386-win32-vc14-debug\pjlib.tlog\cl.read.1.tlog
d:\mywork\pjproject-2.8\pjlib\build\output\pjlib-i386-win32-vc14-debug\pjlib.tlog\cl.write.1.tlog
d:\mywork\pjproject-2.8\pjlib\build\output\pjlib-i386-win32-vc14-debug\pjlib.tlog\lib-link.read.1.tlog
d:\mywork\pjproject-2.8\pjlib\build\output\pjlib-i386-win32-vc14-debug\pjlib.tlog\lib-link.write.1.tlog
d:\mywork\pjproject-2.8\pjlib\build\output\pjlib-i386-win32-vc14-debug\pjlib.tlog\lib.command.1.tlog
